{"/Users/mac/Desktop/workspace/learning/CI/main.js":{"path":"/Users/mac/Desktop/workspace/learning/CI/main.js","s":{"1":1,"2":177,"3":34,"4":143,"5":55,"6":88,"7":1,"8":0,"9":0,"10":1},"b":{"1":[34,143],"2":[55,88],"3":[0,1]},"f":{"1":177},"fnMap":{"1":{"name":"(anonymous_1)","line":1,"loc":{"start":{"line":1,"column":16},"end":{"line":1,"column":29}}}},"statementMap":{"1":{"start":{"line":1,"column":0},"end":{"line":9,"column":1}},"2":{"start":{"line":2,"column":2},"end":{"line":4,"column":3}},"3":{"start":{"line":3,"column":4},"end":{"line":3,"column":12}},"4":{"start":{"line":5,"column":2},"end":{"line":7,"column":3}},"5":{"start":{"line":6,"column":4},"end":{"line":6,"column":12}},"6":{"start":{"line":8,"column":2},"end":{"line":8,"column":45}},"7":{"start":{"line":11,"column":0},"end":{"line":14,"column":1}},"8":{"start":{"line":12,"column":2},"end":{"line":12,"column":33}},"9":{"start":{"line":13,"column":2},"end":{"line":13,"column":54}},"10":{"start":{"line":16,"column":0},"end":{"line":16,"column":26}}},"branchMap":{"1":{"line":2,"type":"if","locations":[{"start":{"line":2,"column":2},"end":{"line":2,"column":2}},{"start":{"line":2,"column":2},"end":{"line":2,"column":2}}]},"2":{"line":5,"type":"if","locations":[{"start":{"line":5,"column":2},"end":{"line":5,"column":2}},{"start":{"line":5,"column":2},"end":{"line":5,"column":2}}]},"3":{"line":11,"type":"if","locations":[{"start":{"line":11,"column":0},"end":{"line":11,"column":0}},{"start":{"line":11,"column":0},"end":{"line":11,"column":0}}]}}}}